Performing C SOURCE FILE Test HAVE_3DNOW failed with the following output:
Change Dir: /Users/ladis/Projects/Quantum-Engine/project/CMakeFiles/CMakeTmp

Run Build Command:/usr/bin/make "cmTryCompileExec1317810579/fast"
/usr/bin/make -f CMakeFiles/cmTryCompileExec1317810579.dir/build.make CMakeFiles/cmTryCompileExec1317810579.dir/build
/usr/local/Cellar/cmake/2.8.11.2/bin/cmake -E cmake_progress_report /Users/ladis/Projects/Quantum-Engine/project/CMakeFiles/CMakeTmp/CMakeFiles 1
Building C object CMakeFiles/cmTryCompileExec1317810579.dir/src.c.o
/usr/bin/cc   -g -O3  -DHAVE_3DNOW -m3dnow   -o CMakeFiles/cmTryCompileExec1317810579.dir/src.c.o   -c /Users/ladis/Projects/Quantum-Engine/project/CMakeFiles/CMakeTmp/src.c
/Users/ladis/Projects/Quantum-Engine/project/CMakeFiles/CMakeTmp/src.c:8:13: warning: implicit declaration of function '_m_prefetch' is invalid in C99 [-Wimplicit-function-declaration]
            _m_prefetch(p);
            ^
1 warning generated.
Linking C executable cmTryCompileExec1317810579
/usr/local/Cellar/cmake/2.8.11.2/bin/cmake -E cmake_link_script CMakeFiles/cmTryCompileExec1317810579.dir/link.txt --verbose=1
/usr/bin/cc   -g -O3  -DHAVE_3DNOW -m3dnow -Wl,-search_paths_first -Wl,-headerpad_max_install_names   CMakeFiles/cmTryCompileExec1317810579.dir/src.c.o  -o cmTryCompileExec1317810579  
Undefined symbols for architecture x86_64:
  "__m_prefetch", referenced from:
      _main in src.c.o
ld: symbol(s) not found for architecture x86_64
clang: error: linker command failed with exit code 1 (use -v to see invocation)
make[1]: *** [cmTryCompileExec1317810579] Error 1
make: *** [cmTryCompileExec1317810579/fast] Error 2

Source file was:

          #include <mm3dnow.h>
          #ifndef __3dNOW__
          #error Assembler CPP flag not enabled
          #endif
          int main(int argc, char **argv) {
            void *p = 0;
            _m_prefetch(p);
          }
Performing C SOURCE FILE Test HAVE_ALTIVEC_H_HDR failed with the following output:
Change Dir: /Users/ladis/Projects/Quantum-Engine/project/CMakeFiles/CMakeTmp

Run Build Command:/usr/bin/make "cmTryCompileExec1800913238/fast"
/usr/bin/make -f CMakeFiles/cmTryCompileExec1800913238.dir/build.make CMakeFiles/cmTryCompileExec1800913238.dir/build
/usr/local/Cellar/cmake/2.8.11.2/bin/cmake -E cmake_progress_report /Users/ladis/Projects/Quantum-Engine/project/CMakeFiles/CMakeTmp/CMakeFiles 1
Building C object CMakeFiles/cmTryCompileExec1800913238.dir/src.c.o
/usr/bin/cc   -g -O3  -DHAVE_ALTIVEC_H_HDR -maltivec   -o CMakeFiles/cmTryCompileExec1800913238.dir/src.c.o   -c /Users/ladis/Projects/Quantum-Engine/project/CMakeFiles/CMakeTmp/src.c
clang: error: invalid argument '-faltivec' only allowed with 'ppc/ppc64'
make[1]: *** [CMakeFiles/cmTryCompileExec1800913238.dir/src.c.o] Error 1
make: *** [cmTryCompileExec1800913238/fast] Error 2

Source file was:

          #include <altivec.h>
          vector unsigned int vzero() {
              return vec_splat_u32(0);
          }
          int main(int argc, char **argv) { }
Performing C SOURCE FILE Test HAVE_ALTIVEC failed with the following output:
Change Dir: /Users/ladis/Projects/Quantum-Engine/project/CMakeFiles/CMakeTmp

Run Build Command:/usr/bin/make "cmTryCompileExec820855527/fast"
/usr/bin/make -f CMakeFiles/cmTryCompileExec820855527.dir/build.make CMakeFiles/cmTryCompileExec820855527.dir/build
/usr/local/Cellar/cmake/2.8.11.2/bin/cmake -E cmake_progress_report /Users/ladis/Projects/Quantum-Engine/project/CMakeFiles/CMakeTmp/CMakeFiles 1
Building C object CMakeFiles/cmTryCompileExec820855527.dir/src.c.o
/usr/bin/cc   -g -O3  -DHAVE_ALTIVEC -maltivec   -o CMakeFiles/cmTryCompileExec820855527.dir/src.c.o   -c /Users/ladis/Projects/Quantum-Engine/project/CMakeFiles/CMakeTmp/src.c
clang: error: invalid argument '-faltivec' only allowed with 'ppc/ppc64'
make[1]: *** [CMakeFiles/cmTryCompileExec820855527.dir/src.c.o] Error 1
make: *** [cmTryCompileExec820855527/fast] Error 2

Source file was:

          vector unsigned int vzero() {
              return vec_splat_u32(0);
          }
          int main(int argc, char **argv) { }
Determining if the include file malloc.h exists failed with the following output:
Change Dir: /Users/ladis/Projects/Quantum-Engine/project/CMakeFiles/CMakeTmp

Run Build Command:/usr/bin/make "cmTryCompileExec3579800181/fast"
/usr/bin/make -f CMakeFiles/cmTryCompileExec3579800181.dir/build.make CMakeFiles/cmTryCompileExec3579800181.dir/build
/usr/local/Cellar/cmake/2.8.11.2/bin/cmake -E cmake_progress_report /Users/ladis/Projects/Quantum-Engine/project/CMakeFiles/CMakeTmp/CMakeFiles 1
Building C object CMakeFiles/cmTryCompileExec3579800181.dir/CheckIncludeFile.c.o
/usr/bin/cc   -g -O3     -o CMakeFiles/cmTryCompileExec3579800181.dir/CheckIncludeFile.c.o   -c /Users/ladis/Projects/Quantum-Engine/project/CMakeFiles/CMakeTmp/CheckIncludeFile.c
/Users/ladis/Projects/Quantum-Engine/project/CMakeFiles/CMakeTmp/CheckIncludeFile.c:1:10: fatal error: 'malloc.h' file not found
#include <malloc.h>
         ^
1 error generated.
make[1]: *** [CMakeFiles/cmTryCompileExec3579800181.dir/CheckIncludeFile.c.o] Error 1
make: *** [cmTryCompileExec3579800181/fast] Error 2


Determining if the function _strrev exists failed with the following output:
Change Dir: /Users/ladis/Projects/Quantum-Engine/project/CMakeFiles/CMakeTmp

Run Build Command:/usr/bin/make "cmTryCompileExec2756121954/fast"
/usr/bin/make -f CMakeFiles/cmTryCompileExec2756121954.dir/build.make CMakeFiles/cmTryCompileExec2756121954.dir/build
/usr/local/Cellar/cmake/2.8.11.2/bin/cmake -E cmake_progress_report /Users/ladis/Projects/Quantum-Engine/project/CMakeFiles/CMakeTmp/CMakeFiles 1
Building C object CMakeFiles/cmTryCompileExec2756121954.dir/CheckFunctionExists.c.o
/usr/bin/cc   -g -O3  -DCHECK_FUNCTION_EXISTS=_strrev   -o CMakeFiles/cmTryCompileExec2756121954.dir/CheckFunctionExists.c.o   -c /usr/local/Cellar/cmake/2.8.11.2/share/cmake/Modules/CheckFunctionExists.c
Linking C executable cmTryCompileExec2756121954
/usr/local/Cellar/cmake/2.8.11.2/bin/cmake -E cmake_link_script CMakeFiles/cmTryCompileExec2756121954.dir/link.txt --verbose=1
/usr/bin/cc   -g -O3  -DCHECK_FUNCTION_EXISTS=_strrev -Wl,-search_paths_first -Wl,-headerpad_max_install_names   CMakeFiles/cmTryCompileExec2756121954.dir/CheckFunctionExists.c.o  -o cmTryCompileExec2756121954  
Undefined symbols for architecture x86_64:
  "__strrev", referenced from:
      _main in CheckFunctionExists.c.o
ld: symbol(s) not found for architecture x86_64
clang: error: linker command failed with exit code 1 (use -v to see invocation)
make[1]: *** [cmTryCompileExec2756121954] Error 1
make: *** [cmTryCompileExec2756121954/fast] Error 2


Determining if the function _strupr exists failed with the following output:
Change Dir: /Users/ladis/Projects/Quantum-Engine/project/CMakeFiles/CMakeTmp

Run Build Command:/usr/bin/make "cmTryCompileExec3363711786/fast"
/usr/bin/make -f CMakeFiles/cmTryCompileExec3363711786.dir/build.make CMakeFiles/cmTryCompileExec3363711786.dir/build
/usr/local/Cellar/cmake/2.8.11.2/bin/cmake -E cmake_progress_report /Users/ladis/Projects/Quantum-Engine/project/CMakeFiles/CMakeTmp/CMakeFiles 1
Building C object CMakeFiles/cmTryCompileExec3363711786.dir/CheckFunctionExists.c.o
/usr/bin/cc   -g -O3  -DCHECK_FUNCTION_EXISTS=_strupr   -o CMakeFiles/cmTryCompileExec3363711786.dir/CheckFunctionExists.c.o   -c /usr/local/Cellar/cmake/2.8.11.2/share/cmake/Modules/CheckFunctionExists.c
Linking C executable cmTryCompileExec3363711786
/usr/local/Cellar/cmake/2.8.11.2/bin/cmake -E cmake_link_script CMakeFiles/cmTryCompileExec3363711786.dir/link.txt --verbose=1
/usr/bin/cc   -g -O3  -DCHECK_FUNCTION_EXISTS=_strupr -Wl,-search_paths_first -Wl,-headerpad_max_install_names   CMakeFiles/cmTryCompileExec3363711786.dir/CheckFunctionExists.c.o  -o cmTryCompileExec3363711786  
Undefined symbols for architecture x86_64:
  "__strupr", referenced from:
      _main in CheckFunctionExists.c.o
ld: symbol(s) not found for architecture x86_64
clang: error: linker command failed with exit code 1 (use -v to see invocation)
make[1]: *** [cmTryCompileExec3363711786] Error 1
make: *** [cmTryCompileExec3363711786/fast] Error 2


Determining if the function _strlwr exists failed with the following output:
Change Dir: /Users/ladis/Projects/Quantum-Engine/project/CMakeFiles/CMakeTmp

Run Build Command:/usr/bin/make "cmTryCompileExec3157347107/fast"
/usr/bin/make -f CMakeFiles/cmTryCompileExec3157347107.dir/build.make CMakeFiles/cmTryCompileExec3157347107.dir/build
/usr/local/Cellar/cmake/2.8.11.2/bin/cmake -E cmake_progress_report /Users/ladis/Projects/Quantum-Engine/project/CMakeFiles/CMakeTmp/CMakeFiles 1
Building C object CMakeFiles/cmTryCompileExec3157347107.dir/CheckFunctionExists.c.o
/usr/bin/cc   -g -O3  -DCHECK_FUNCTION_EXISTS=_strlwr   -o CMakeFiles/cmTryCompileExec3157347107.dir/CheckFunctionExists.c.o   -c /usr/local/Cellar/cmake/2.8.11.2/share/cmake/Modules/CheckFunctionExists.c
Linking C executable cmTryCompileExec3157347107
/usr/local/Cellar/cmake/2.8.11.2/bin/cmake -E cmake_link_script CMakeFiles/cmTryCompileExec3157347107.dir/link.txt --verbose=1
/usr/bin/cc   -g -O3  -DCHECK_FUNCTION_EXISTS=_strlwr -Wl,-search_paths_first -Wl,-headerpad_max_install_names   CMakeFiles/cmTryCompileExec3157347107.dir/CheckFunctionExists.c.o  -o cmTryCompileExec3157347107  
Undefined symbols for architecture x86_64:
  "__strlwr", referenced from:
      _main in CheckFunctionExists.c.o
ld: symbol(s) not found for architecture x86_64
clang: error: linker command failed with exit code 1 (use -v to see invocation)
make[1]: *** [cmTryCompileExec3157347107] Error 1
make: *** [cmTryCompileExec3157347107/fast] Error 2


Determining if the function itoa exists failed with the following output:
Change Dir: /Users/ladis/Projects/Quantum-Engine/project/CMakeFiles/CMakeTmp

Run Build Command:/usr/bin/make "cmTryCompileExec3179002213/fast"
/usr/bin/make -f CMakeFiles/cmTryCompileExec3179002213.dir/build.make CMakeFiles/cmTryCompileExec3179002213.dir/build
/usr/local/Cellar/cmake/2.8.11.2/bin/cmake -E cmake_progress_report /Users/ladis/Projects/Quantum-Engine/project/CMakeFiles/CMakeTmp/CMakeFiles 1
Building C object CMakeFiles/cmTryCompileExec3179002213.dir/CheckFunctionExists.c.o
/usr/bin/cc   -g -O3  -DCHECK_FUNCTION_EXISTS=itoa   -o CMakeFiles/cmTryCompileExec3179002213.dir/CheckFunctionExists.c.o   -c /usr/local/Cellar/cmake/2.8.11.2/share/cmake/Modules/CheckFunctionExists.c
Linking C executable cmTryCompileExec3179002213
/usr/local/Cellar/cmake/2.8.11.2/bin/cmake -E cmake_link_script CMakeFiles/cmTryCompileExec3179002213.dir/link.txt --verbose=1
/usr/bin/cc   -g -O3  -DCHECK_FUNCTION_EXISTS=itoa -Wl,-search_paths_first -Wl,-headerpad_max_install_names   CMakeFiles/cmTryCompileExec3179002213.dir/CheckFunctionExists.c.o  -o cmTryCompileExec3179002213  
Undefined symbols for architecture x86_64:
  "_itoa", referenced from:
      _main in CheckFunctionExists.c.o
ld: symbol(s) not found for architecture x86_64
clang: error: linker command failed with exit code 1 (use -v to see invocation)
make[1]: *** [cmTryCompileExec3179002213] Error 1
make: *** [cmTryCompileExec3179002213/fast] Error 2


Determining if the function _ltoa exists failed with the following output:
Change Dir: /Users/ladis/Projects/Quantum-Engine/project/CMakeFiles/CMakeTmp

Run Build Command:/usr/bin/make "cmTryCompileExec2902581201/fast"
/usr/bin/make -f CMakeFiles/cmTryCompileExec2902581201.dir/build.make CMakeFiles/cmTryCompileExec2902581201.dir/build
/usr/local/Cellar/cmake/2.8.11.2/bin/cmake -E cmake_progress_report /Users/ladis/Projects/Quantum-Engine/project/CMakeFiles/CMakeTmp/CMakeFiles 1
Building C object CMakeFiles/cmTryCompileExec2902581201.dir/CheckFunctionExists.c.o
/usr/bin/cc   -g -O3  -DCHECK_FUNCTION_EXISTS=_ltoa   -o CMakeFiles/cmTryCompileExec2902581201.dir/CheckFunctionExists.c.o   -c /usr/local/Cellar/cmake/2.8.11.2/share/cmake/Modules/CheckFunctionExists.c
Linking C executable cmTryCompileExec2902581201
/usr/local/Cellar/cmake/2.8.11.2/bin/cmake -E cmake_link_script CMakeFiles/cmTryCompileExec2902581201.dir/link.txt --verbose=1
/usr/bin/cc   -g -O3  -DCHECK_FUNCTION_EXISTS=_ltoa -Wl,-search_paths_first -Wl,-headerpad_max_install_names   CMakeFiles/cmTryCompileExec2902581201.dir/CheckFunctionExists.c.o  -o cmTryCompileExec2902581201  
Undefined symbols for architecture x86_64:
  "__ltoa", referenced from:
      _main in CheckFunctionExists.c.o
ld: symbol(s) not found for architecture x86_64
clang: error: linker command failed with exit code 1 (use -v to see invocation)
make[1]: *** [cmTryCompileExec2902581201] Error 1
make: *** [cmTryCompileExec2902581201/fast] Error 2


Determining if the function _uitoa exists failed with the following output:
Change Dir: /Users/ladis/Projects/Quantum-Engine/project/CMakeFiles/CMakeTmp

Run Build Command:/usr/bin/make "cmTryCompileExec4100313911/fast"
/usr/bin/make -f CMakeFiles/cmTryCompileExec4100313911.dir/build.make CMakeFiles/cmTryCompileExec4100313911.dir/build
/usr/local/Cellar/cmake/2.8.11.2/bin/cmake -E cmake_progress_report /Users/ladis/Projects/Quantum-Engine/project/CMakeFiles/CMakeTmp/CMakeFiles 1
Building C object CMakeFiles/cmTryCompileExec4100313911.dir/CheckFunctionExists.c.o
/usr/bin/cc   -g -O3  -DCHECK_FUNCTION_EXISTS=_uitoa   -o CMakeFiles/cmTryCompileExec4100313911.dir/CheckFunctionExists.c.o   -c /usr/local/Cellar/cmake/2.8.11.2/share/cmake/Modules/CheckFunctionExists.c
Linking C executable cmTryCompileExec4100313911
/usr/local/Cellar/cmake/2.8.11.2/bin/cmake -E cmake_link_script CMakeFiles/cmTryCompileExec4100313911.dir/link.txt --verbose=1
/usr/bin/cc   -g -O3  -DCHECK_FUNCTION_EXISTS=_uitoa -Wl,-search_paths_first -Wl,-headerpad_max_install_names   CMakeFiles/cmTryCompileExec4100313911.dir/CheckFunctionExists.c.o  -o cmTryCompileExec4100313911  
Undefined symbols for architecture x86_64:
  "__uitoa", referenced from:
      _main in CheckFunctionExists.c.o
ld: symbol(s) not found for architecture x86_64
clang: error: linker command failed with exit code 1 (use -v to see invocation)
make[1]: *** [cmTryCompileExec4100313911] Error 1
make: *** [cmTryCompileExec4100313911/fast] Error 2


Determining if the function _ultoa exists failed with the following output:
Change Dir: /Users/ladis/Projects/Quantum-Engine/project/CMakeFiles/CMakeTmp

Run Build Command:/usr/bin/make "cmTryCompileExec4066602227/fast"
/usr/bin/make -f CMakeFiles/cmTryCompileExec4066602227.dir/build.make CMakeFiles/cmTryCompileExec4066602227.dir/build
/usr/local/Cellar/cmake/2.8.11.2/bin/cmake -E cmake_progress_report /Users/ladis/Projects/Quantum-Engine/project/CMakeFiles/CMakeTmp/CMakeFiles 1
Building C object CMakeFiles/cmTryCompileExec4066602227.dir/CheckFunctionExists.c.o
/usr/bin/cc   -g -O3  -DCHECK_FUNCTION_EXISTS=_ultoa   -o CMakeFiles/cmTryCompileExec4066602227.dir/CheckFunctionExists.c.o   -c /usr/local/Cellar/cmake/2.8.11.2/share/cmake/Modules/CheckFunctionExists.c
Linking C executable cmTryCompileExec4066602227
/usr/local/Cellar/cmake/2.8.11.2/bin/cmake -E cmake_link_script CMakeFiles/cmTryCompileExec4066602227.dir/link.txt --verbose=1
/usr/bin/cc   -g -O3  -DCHECK_FUNCTION_EXISTS=_ultoa -Wl,-search_paths_first -Wl,-headerpad_max_install_names   CMakeFiles/cmTryCompileExec4066602227.dir/CheckFunctionExists.c.o  -o cmTryCompileExec4066602227  
Undefined symbols for architecture x86_64:
  "__ultoa", referenced from:
      _main in CheckFunctionExists.c.o
ld: symbol(s) not found for architecture x86_64
clang: error: linker command failed with exit code 1 (use -v to see invocation)
make[1]: *** [cmTryCompileExec4066602227] Error 1
make: *** [cmTryCompileExec4066602227/fast] Error 2


Determining if the function _i64toa exists failed with the following output:
Change Dir: /Users/ladis/Projects/Quantum-Engine/project/CMakeFiles/CMakeTmp

Run Build Command:/usr/bin/make "cmTryCompileExec204360253/fast"
/usr/bin/make -f CMakeFiles/cmTryCompileExec204360253.dir/build.make CMakeFiles/cmTryCompileExec204360253.dir/build
/usr/local/Cellar/cmake/2.8.11.2/bin/cmake -E cmake_progress_report /Users/ladis/Projects/Quantum-Engine/project/CMakeFiles/CMakeTmp/CMakeFiles 1
Building C object CMakeFiles/cmTryCompileExec204360253.dir/CheckFunctionExists.c.o
/usr/bin/cc   -g -O3  -DCHECK_FUNCTION_EXISTS=_i64toa   -o CMakeFiles/cmTryCompileExec204360253.dir/CheckFunctionExists.c.o   -c /usr/local/Cellar/cmake/2.8.11.2/share/cmake/Modules/CheckFunctionExists.c
Linking C executable cmTryCompileExec204360253
/usr/local/Cellar/cmake/2.8.11.2/bin/cmake -E cmake_link_script CMakeFiles/cmTryCompileExec204360253.dir/link.txt --verbose=1
/usr/bin/cc   -g -O3  -DCHECK_FUNCTION_EXISTS=_i64toa -Wl,-search_paths_first -Wl,-headerpad_max_install_names   CMakeFiles/cmTryCompileExec204360253.dir/CheckFunctionExists.c.o  -o cmTryCompileExec204360253  
Undefined symbols for architecture x86_64:
  "__i64toa", referenced from:
      _main in CheckFunctionExists.c.o
ld: symbol(s) not found for architecture x86_64
clang: error: linker command failed with exit code 1 (use -v to see invocation)
make[1]: *** [cmTryCompileExec204360253] Error 1
make: *** [cmTryCompileExec204360253/fast] Error 2


Determining if the function _ui64toa exists failed with the following output:
Change Dir: /Users/ladis/Projects/Quantum-Engine/project/CMakeFiles/CMakeTmp

Run Build Command:/usr/bin/make "cmTryCompileExec1455942034/fast"
/usr/bin/make -f CMakeFiles/cmTryCompileExec1455942034.dir/build.make CMakeFiles/cmTryCompileExec1455942034.dir/build
/usr/local/Cellar/cmake/2.8.11.2/bin/cmake -E cmake_progress_report /Users/ladis/Projects/Quantum-Engine/project/CMakeFiles/CMakeTmp/CMakeFiles 1
Building C object CMakeFiles/cmTryCompileExec1455942034.dir/CheckFunctionExists.c.o
/usr/bin/cc   -g -O3  -DCHECK_FUNCTION_EXISTS=_ui64toa   -o CMakeFiles/cmTryCompileExec1455942034.dir/CheckFunctionExists.c.o   -c /usr/local/Cellar/cmake/2.8.11.2/share/cmake/Modules/CheckFunctionExists.c
Linking C executable cmTryCompileExec1455942034
/usr/local/Cellar/cmake/2.8.11.2/bin/cmake -E cmake_link_script CMakeFiles/cmTryCompileExec1455942034.dir/link.txt --verbose=1
/usr/bin/cc   -g -O3  -DCHECK_FUNCTION_EXISTS=_ui64toa -Wl,-search_paths_first -Wl,-headerpad_max_install_names   CMakeFiles/cmTryCompileExec1455942034.dir/CheckFunctionExists.c.o  -o cmTryCompileExec1455942034  
Undefined symbols for architecture x86_64:
  "__ui64toa", referenced from:
      _main in CheckFunctionExists.c.o
ld: symbol(s) not found for architecture x86_64
clang: error: linker command failed with exit code 1 (use -v to see invocation)
make[1]: *** [cmTryCompileExec1455942034] Error 1
make: *** [cmTryCompileExec1455942034/fast] Error 2


Determining if the function _stricmp exists failed with the following output:
Change Dir: /Users/ladis/Projects/Quantum-Engine/project/CMakeFiles/CMakeTmp

Run Build Command:/usr/bin/make "cmTryCompileExec371756346/fast"
/usr/bin/make -f CMakeFiles/cmTryCompileExec371756346.dir/build.make CMakeFiles/cmTryCompileExec371756346.dir/build
/usr/local/Cellar/cmake/2.8.11.2/bin/cmake -E cmake_progress_report /Users/ladis/Projects/Quantum-Engine/project/CMakeFiles/CMakeTmp/CMakeFiles 1
Building C object CMakeFiles/cmTryCompileExec371756346.dir/CheckFunctionExists.c.o
/usr/bin/cc   -g -O3  -DCHECK_FUNCTION_EXISTS=_stricmp   -o CMakeFiles/cmTryCompileExec371756346.dir/CheckFunctionExists.c.o   -c /usr/local/Cellar/cmake/2.8.11.2/share/cmake/Modules/CheckFunctionExists.c
Linking C executable cmTryCompileExec371756346
/usr/local/Cellar/cmake/2.8.11.2/bin/cmake -E cmake_link_script CMakeFiles/cmTryCompileExec371756346.dir/link.txt --verbose=1
/usr/bin/cc   -g -O3  -DCHECK_FUNCTION_EXISTS=_stricmp -Wl,-search_paths_first -Wl,-headerpad_max_install_names   CMakeFiles/cmTryCompileExec371756346.dir/CheckFunctionExists.c.o  -o cmTryCompileExec371756346  
Undefined symbols for architecture x86_64:
  "__stricmp", referenced from:
      _main in CheckFunctionExists.c.o
ld: symbol(s) not found for architecture x86_64
clang: error: linker command failed with exit code 1 (use -v to see invocation)
make[1]: *** [cmTryCompileExec371756346] Error 1
make: *** [cmTryCompileExec371756346/fast] Error 2


Determining if the function _strnicmp exists failed with the following output:
Change Dir: /Users/ladis/Projects/Quantum-Engine/project/CMakeFiles/CMakeTmp

Run Build Command:/usr/bin/make "cmTryCompileExec1455220195/fast"
/usr/bin/make -f CMakeFiles/cmTryCompileExec1455220195.dir/build.make CMakeFiles/cmTryCompileExec1455220195.dir/build
/usr/local/Cellar/cmake/2.8.11.2/bin/cmake -E cmake_progress_report /Users/ladis/Projects/Quantum-Engine/project/CMakeFiles/CMakeTmp/CMakeFiles 1
Building C object CMakeFiles/cmTryCompileExec1455220195.dir/CheckFunctionExists.c.o
/usr/bin/cc   -g -O3  -DCHECK_FUNCTION_EXISTS=_strnicmp   -o CMakeFiles/cmTryCompileExec1455220195.dir/CheckFunctionExists.c.o   -c /usr/local/Cellar/cmake/2.8.11.2/share/cmake/Modules/CheckFunctionExists.c
Linking C executable cmTryCompileExec1455220195
/usr/local/Cellar/cmake/2.8.11.2/bin/cmake -E cmake_link_script CMakeFiles/cmTryCompileExec1455220195.dir/link.txt --verbose=1
/usr/bin/cc   -g -O3  -DCHECK_FUNCTION_EXISTS=_strnicmp -Wl,-search_paths_first -Wl,-headerpad_max_install_names   CMakeFiles/cmTryCompileExec1455220195.dir/CheckFunctionExists.c.o  -o cmTryCompileExec1455220195  
Undefined symbols for architecture x86_64:
  "__strnicmp", referenced from:
      _main in CheckFunctionExists.c.o
ld: symbol(s) not found for architecture x86_64
clang: error: linker command failed with exit code 1 (use -v to see invocation)
make[1]: *** [cmTryCompileExec1455220195] Error 1
make: *** [cmTryCompileExec1455220195/fast] Error 2


Determining if the function fseeko64 exists failed with the following output:
Change Dir: /Users/ladis/Projects/Quantum-Engine/project/CMakeFiles/CMakeTmp

Run Build Command:/usr/bin/make "cmTryCompileExec2509504509/fast"
/usr/bin/make -f CMakeFiles/cmTryCompileExec2509504509.dir/build.make CMakeFiles/cmTryCompileExec2509504509.dir/build
/usr/local/Cellar/cmake/2.8.11.2/bin/cmake -E cmake_progress_report /Users/ladis/Projects/Quantum-Engine/project/CMakeFiles/CMakeTmp/CMakeFiles 1
Building C object CMakeFiles/cmTryCompileExec2509504509.dir/CheckFunctionExists.c.o
/usr/bin/cc   -g -O3  -DCHECK_FUNCTION_EXISTS=fseeko64   -o CMakeFiles/cmTryCompileExec2509504509.dir/CheckFunctionExists.c.o   -c /usr/local/Cellar/cmake/2.8.11.2/share/cmake/Modules/CheckFunctionExists.c
Linking C executable cmTryCompileExec2509504509
/usr/local/Cellar/cmake/2.8.11.2/bin/cmake -E cmake_link_script CMakeFiles/cmTryCompileExec2509504509.dir/link.txt --verbose=1
/usr/bin/cc   -g -O3  -DCHECK_FUNCTION_EXISTS=fseeko64 -Wl,-search_paths_first -Wl,-headerpad_max_install_names   CMakeFiles/cmTryCompileExec2509504509.dir/CheckFunctionExists.c.o  -o cmTryCompileExec2509504509  
Undefined symbols for architecture x86_64:
  "_fseeko64", referenced from:
      _main in CheckFunctionExists.c.o
ld: symbol(s) not found for architecture x86_64
clang: error: linker command failed with exit code 1 (use -v to see invocation)
make[1]: *** [cmTryCompileExec2509504509] Error 1
make: *** [cmTryCompileExec2509504509/fast] Error 2


Performing C SOURCE FILE Test HAVE_SEM_TIMEDWAIT failed with the following output:
Change Dir: /Users/ladis/Projects/Quantum-Engine/project/CMakeFiles/CMakeTmp

Run Build Command:/usr/bin/make "cmTryCompileExec1659735657/fast"
/usr/bin/make -f CMakeFiles/cmTryCompileExec1659735657.dir/build.make CMakeFiles/cmTryCompileExec1659735657.dir/build
/usr/local/Cellar/cmake/2.8.11.2/bin/cmake -E cmake_progress_report /Users/ladis/Projects/Quantum-Engine/project/CMakeFiles/CMakeTmp/CMakeFiles 1
Building C object CMakeFiles/cmTryCompileExec1659735657.dir/src.c.o
/usr/bin/cc   -g -O3  -DHAVE_SEM_TIMEDWAIT -D_THREAD_SAFE   -o CMakeFiles/cmTryCompileExec1659735657.dir/src.c.o   -c /Users/ladis/Projects/Quantum-Engine/project/CMakeFiles/CMakeTmp/src.c
/Users/ladis/Projects/Quantum-Engine/project/CMakeFiles/CMakeTmp/src.c:5:19: warning: implicit declaration of function 'sem_timedwait' is invalid in C99 [-Wimplicit-function-declaration]
                  sem_timedwait(NULL, NULL);
                  ^
1 warning generated.
Linking C executable cmTryCompileExec1659735657
/usr/local/Cellar/cmake/2.8.11.2/bin/cmake -E cmake_link_script CMakeFiles/cmTryCompileExec1659735657.dir/link.txt --verbose=1
/usr/bin/cc   -g -O3  -DHAVE_SEM_TIMEDWAIT -D_THREAD_SAFE -Wl,-search_paths_first -Wl,-headerpad_max_install_names   CMakeFiles/cmTryCompileExec1659735657.dir/src.c.o  -o cmTryCompileExec1659735657  
Undefined symbols for architecture x86_64:
  "_sem_timedwait", referenced from:
      _main in src.c.o
ld: symbol(s) not found for architecture x86_64
clang: error: linker command failed with exit code 1 (use -v to see invocation)
make[1]: *** [cmTryCompileExec1659735657] Error 1
make: *** [cmTryCompileExec1659735657/fast] Error 2

Source file was:

              #include <pthread.h>
              #include <semaphore.h>
              int main(int argc, char **argv) {
                  sem_timedwait(NULL, NULL);
                  return 0;
              }
Performing C SOURCE FILE Test HAVE_PTHREAD_SPINLOCK failed with the following output:
Change Dir: /Users/ladis/Projects/Quantum-Engine/project/CMakeFiles/CMakeTmp

Run Build Command:/usr/bin/make "cmTryCompileExec2113028651/fast"
/usr/bin/make -f CMakeFiles/cmTryCompileExec2113028651.dir/build.make CMakeFiles/cmTryCompileExec2113028651.dir/build
/usr/local/Cellar/cmake/2.8.11.2/bin/cmake -E cmake_progress_report /Users/ladis/Projects/Quantum-Engine/project/CMakeFiles/CMakeTmp/CMakeFiles 1
Building C object CMakeFiles/cmTryCompileExec2113028651.dir/src.c.o
/usr/bin/cc   -g -O3  -DHAVE_PTHREAD_SPINLOCK -D_THREAD_SAFE   -o CMakeFiles/cmTryCompileExec2113028651.dir/src.c.o   -c /Users/ladis/Projects/Quantum-Engine/project/CMakeFiles/CMakeTmp/src.c
/Users/ladis/Projects/Quantum-Engine/project/CMakeFiles/CMakeTmp/src.c:4:15: warning: implicit declaration of function 'pthread_spin_trylock' is invalid in C99 [-Wimplicit-function-declaration]
              pthread_spin_trylock(NULL);
              ^
1 warning generated.
Linking C executable cmTryCompileExec2113028651
/usr/local/Cellar/cmake/2.8.11.2/bin/cmake -E cmake_link_script CMakeFiles/cmTryCompileExec2113028651.dir/link.txt --verbose=1
/usr/bin/cc   -g -O3  -DHAVE_PTHREAD_SPINLOCK -D_THREAD_SAFE -Wl,-search_paths_first -Wl,-headerpad_max_install_names   CMakeFiles/cmTryCompileExec2113028651.dir/src.c.o  -o cmTryCompileExec2113028651  
Undefined symbols for architecture x86_64:
  "_pthread_spin_trylock", referenced from:
      _main in src.c.o
ld: symbol(s) not found for architecture x86_64
clang: error: linker command failed with exit code 1 (use -v to see invocation)
make[1]: *** [cmTryCompileExec2113028651] Error 1
make: *** [cmTryCompileExec2113028651/fast] Error 2

Source file was:

          #include <pthread.h>
          int main(int argc, char** argv) {
              pthread_spin_trylock(NULL);
              return 0;
          }
Performing C SOURCE FILE Test HAVE_PTHREAD_NP_H failed with the following output:
Change Dir: /Users/ladis/Projects/Quantum-Engine/project/CMakeFiles/CMakeTmp

Run Build Command:/usr/bin/make "cmTryCompileExec3179900456/fast"
/usr/bin/make -f CMakeFiles/cmTryCompileExec3179900456.dir/build.make CMakeFiles/cmTryCompileExec3179900456.dir/build
/usr/local/Cellar/cmake/2.8.11.2/bin/cmake -E cmake_progress_report /Users/ladis/Projects/Quantum-Engine/project/CMakeFiles/CMakeTmp/CMakeFiles 1
Building C object CMakeFiles/cmTryCompileExec3179900456.dir/src.c.o
/usr/bin/cc   -g -O3  -DHAVE_PTHREAD_NP_H -D_THREAD_SAFE   -o CMakeFiles/cmTryCompileExec3179900456.dir/src.c.o   -c /Users/ladis/Projects/Quantum-Engine/project/CMakeFiles/CMakeTmp/src.c
/Users/ladis/Projects/Quantum-Engine/project/CMakeFiles/CMakeTmp/src.c:3:20: fatal error: 'pthread_np.h' file not found
          #include <pthread_np.h>
                   ^
1 error generated.
make[1]: *** [CMakeFiles/cmTryCompileExec3179900456.dir/src.c.o] Error 1
make: *** [cmTryCompileExec3179900456/fast] Error 2

Source file was:

          #include <pthread.h>
          #include <pthread_np.h>
          int main(int argc, char** argv) { return 0; }
Determining if the function pthread_set_name_np exists failed with the following output:
Change Dir: /Users/ladis/Projects/Quantum-Engine/project/CMakeFiles/CMakeTmp

Run Build Command:/usr/bin/make "cmTryCompileExec2408608208/fast"
/usr/bin/make -f CMakeFiles/cmTryCompileExec2408608208.dir/build.make CMakeFiles/cmTryCompileExec2408608208.dir/build
/usr/local/Cellar/cmake/2.8.11.2/bin/cmake -E cmake_progress_report /Users/ladis/Projects/Quantum-Engine/project/CMakeFiles/CMakeTmp/CMakeFiles 1
Building C object CMakeFiles/cmTryCompileExec2408608208.dir/CheckFunctionExists.c.o
/usr/bin/cc   -g -O3  -DCHECK_FUNCTION_EXISTS=pthread_set_name_np -D_THREAD_SAFE   -o CMakeFiles/cmTryCompileExec2408608208.dir/CheckFunctionExists.c.o   -c /usr/local/Cellar/cmake/2.8.11.2/share/cmake/Modules/CheckFunctionExists.c
Linking C executable cmTryCompileExec2408608208
/usr/local/Cellar/cmake/2.8.11.2/bin/cmake -E cmake_link_script CMakeFiles/cmTryCompileExec2408608208.dir/link.txt --verbose=1
/usr/bin/cc   -g -O3  -DCHECK_FUNCTION_EXISTS=pthread_set_name_np -D_THREAD_SAFE -Wl,-search_paths_first -Wl,-headerpad_max_install_names   CMakeFiles/cmTryCompileExec2408608208.dir/CheckFunctionExists.c.o  -o cmTryCompileExec2408608208  
Undefined symbols for architecture x86_64:
  "_pthread_set_name_np", referenced from:
      _main in CheckFunctionExists.c.o
ld: symbol(s) not found for architecture x86_64
clang: error: linker command failed with exit code 1 (use -v to see invocation)
make[1]: *** [cmTryCompileExec2408608208] Error 1
make: *** [cmTryCompileExec2408608208/fast] Error 2


